<?xml version="1.0" encoding="UTF-8"?>
<!-- Generated by org.testng.reporters.JUnitReportReporter -->
<testsuite hostname="DESKTOP-JJDFAAS" failures="0" tests="1" name="saucedemotest.SauceDemoTest" time="2.234" errors="0" timestamp="2024-03-22T17:10:26 IST" skipped="0">
  <testcase classname="saucedemotest.SauceDemoTest" name="logintest" time="2.234"/>
</testsuite> <!-- saucedemotest.SauceDemoTest -->
